#
# There is insufficient memory for the Java Runtime Environment to continue.
# Native memory allocation (mmap) failed to map 264241152 bytes for G1 virtual space
# Possible reasons:
#   The system is out of physical RAM or swap space
#   The process is running with CompressedOops enabled, and the Java Heap may be blocking the growth of the native heap
# Possible solutions:
#   Reduce memory load on the system
#   Increase physical memory or swap space
#   Check if swap backing store is full
#   Decrease Java heap size (-Xmx/-Xms)
#   Decrease number of Java threads
#   Decrease Java thread stack sizes (-Xss)
#   Set larger code cache with -XX:ReservedCodeCacheSize=
#   JVM is running with Zero Based Compressed Oops mode in which the Java heap is
#     placed in the first 32GB address space. The Java Heap base address is the
#     maximum limit for the native heap growth. Please use -XX:HeapBaseMinAddress
#     to set the Java Heap base and to place the Java Heap above 32GB virtual address.
# This output file may be truncated or incomplete.
#
#  Out of Memory Error (./open/src/hotspot/os/windows/os_windows.cpp:3472), pid=14504, tid=28300
#
# JRE version:  (15.0.1+9) (build )
# Java VM: OpenJDK 64-Bit Server VM (15.0.1+9-18, mixed mode, sharing, tiered, compressed oops, g1 gc, windows-amd64)
# No core dump will be written. Minidumps are not enabled by default on client versions of Windows
#

---------------  S U M M A R Y ------------

Command Line: -Dfile.encoding=Cp1252 -XX:+ShowCodeDetailsInExceptionMessages Frontend.WindowGenerator

Host: Intel(R) Core(TM) i7-1065G7 CPU @ 1.30GHz, 8 cores, 15G,  Windows 10 , 64 bit Build 18362 (10.0.18362.1316)
Time: Sun Jan 31 03:27:40 2021 Central Standard Time elapsed time: 0.024768 seconds (0d 0h 0m 0s)

---------------  T H R E A D  ---------------

Current thread (0x00000262d4cc27a0):  JavaThread "Unknown thread" [_thread_in_vm, id=28300, stack(0x000000ffb3300000,0x000000ffb3400000)]

Stack: [0x000000ffb3300000,0x000000ffb3400000]
Native frames: (J=compiled Java code, j=interpreted, Vv=VM code, C=native code)
V  [jvm.dll+0x62ae9a]
V  [jvm.dll+0x781389]
V  [jvm.dll+0x782ae3]
V  [jvm.dll+0x783143]
V  [jvm.dll+0x216265]
V  [jvm.dll+0x6281d9]
V  [jvm.dll+0x61cd15]
V  [jvm.dll+0x2d01fd]
V  [jvm.dll+0x2d0062]
V  [jvm.dll+0x2d603c]
V  [jvm.dll+0x325b2a]
V  [jvm.dll+0x3251f4]
V  [jvm.dll+0x2a717a]
V  [jvm.dll+0x2a8318]
V  [jvm.dll+0x75e101]
V  [jvm.dll+0x3343e4]
V  [jvm.dll+0x73e826]
V  [jvm.dll+0x3b7777]
V  [jvm.dll+0x3b9201]
C  [jli.dll+0x52fb]
C  [ucrtbase.dll+0x210b2]
C  [KERNEL32.DLL+0x17c24]
C  [ntdll.dll+0x6d4d1]


---------------  P R O C E S S  ---------------

Threads class SMR info:
_java_thread_list=0x00007ff816864ff0, length=0, elements={
}

Java Threads: ( => current thread )

Other Threads:
  0x00000262d4d15700 GCTaskThread "GC Thread#0" [stack: 0x000000ffb3400000,0x000000ffb3500000] [id=43568]
  0x00000262d4d26d70 ConcurrentGCThread "G1 Main Marker" [stack: 0x000000ffb3500000,0x000000ffb3600000] [id=32848]
  0x00000262d4d289f0 ConcurrentGCThread "G1 Conc#0" [stack: 0x000000ffb3600000,0x000000ffb3700000] [id=44624]

[error occurred during error reporting (printing all threads), id 0xc0000005, EXCEPTION_ACCESS_VIOLATION (0xc0000005) at pc=0x00007ff816058047]

VM state: not at safepoint (not fully initialized)

VM Mutex/Monitor currently owned by a thread:  ([mutex/lock_event])
[0x00000262d4cbd2f0] Heap_lock - owner thread: 0x00000262d4cc27a0

Heap address: 0x0000000704000000, size: 4032 MB, Compressed Oops mode: Zero based, Oop shift amount: 3
CDS archive(s) mapped at: [0x0000000000000000-0x0000000000000000-0x0000000000000000), size 0, SharedBaseAddress: 0x0000000800000000, ArchiveRelocationMode: 0.
Narrow klass base: 0x0000000000000000, Narrow klass shift: 0, Narrow klass range: 0x0

Heap:
 garbage-first heap   total 258048K, used 0K [0x0000000704000000, 0x0000000800000000)
  region size 2048K, 0 young (0K), 0 survivors (0K)
 Metaspace       used 0K, capacity 0K, committed 0K, reserved 0K
  class space    used 0K, capacity 0K, committed 0K, reserved 0K

Heap Regions: E=young(eden), S=young(survivor), O=old, HS=humongous(starts), HC=humongous(continues), CS=collection set, F=free, OA=open archive, CA=closed archive, TAMS=top-at-mark-start (previous, next)

Card table byte_map: [0x00000262e81e0000,0x00000262e89c0000] _byte_map_base: 0x00000262e49c0000

Marking Bits (Prev, Next): (CMBitMap*) 0x00000262d4d15f70, (CMBitMap*) 0x00000262d4d15fb0
 Prev Bits: [0x00000262e91a0000, 0x00000262ed0a0000)
 Next Bits: [0x00000262ed0a0000, 0x00000262f0fa0000)

GC Heap History (0 events):
No events

Deoptimization events (0 events):
No events

Classes unloaded (0 events):
No events

Classes redefined (0 events):
No events

Internal exceptions (0 events):
No events

Events (1 events):
Event: 0.011 Loaded shared library C:\Users\ryano\.p2\pool\plugins\org.eclipse.justj.openjdk.hotspot.jre.full.win32.x86_64_15.0.1.v20201027-0507\jre\bin\java.dll


Dynamic libraries:
0x00007ff6a8040000 - 0x00007ff6a804d000 	C:\Users\ryano\.p2\pool\plugins\org.eclipse.justj.openjdk.hotspot.jre.full.win32.x86_64_15.0.1.v20201027-0507\jre\bin\javaw.exe
0x00007ff8b4140000 - 0x00007ff8b4330000 	C:\Windows\SYSTEM32\ntdll.dll
0x00007ff8b35f0000 - 0x00007ff8b36a2000 	C:\Windows\System32\KERNEL32.DLL
0x00007ff8b1bc0000 - 0x00007ff8b1e65000 	C:\Windows\System32\KERNELBASE.dll
0x00007ff8b1ef0000 - 0x00007ff8b1fea000 	C:\Windows\System32\ucrtbase.dll
0x00007ff898750000 - 0x00007ff898769000 	C:\Users\ryano\.p2\pool\plugins\org.eclipse.justj.openjdk.hotspot.jre.full.win32.x86_64_15.0.1.v20201027-0507\jre\bin\VCRUNTIME140.dll
0x00007ff8a3860000 - 0x00007ff8a3878000 	C:\Users\ryano\.p2\pool\plugins\org.eclipse.justj.openjdk.hotspot.jre.full.win32.x86_64_15.0.1.v20201027-0507\jre\bin\jli.dll
0x00007ff8b3f60000 - 0x00007ff8b40f4000 	C:\Windows\System32\USER32.dll
0x00007ff8b1e70000 - 0x00007ff8b1e91000 	C:\Windows\System32\win32u.dll
0x00007ff8b0430000 - 0x00007ff8b06b4000 	C:\Windows\WinSxS\amd64_microsoft.windows.common-controls_6595b64144ccf1df_6.0.18362.1316_none_9e7a364fe461dbd7\COMCTL32.dll
0x00007ff8b2ed0000 - 0x00007ff8b2ef6000 	C:\Windows\System32\GDI32.dll
0x00007ff8b2970000 - 0x00007ff8b2a0e000 	C:\Windows\System32\msvcrt.dll
0x00007ff8b10c0000 - 0x00007ff8b1258000 	C:\Windows\System32\gdi32full.dll
0x00007ff8b3000000 - 0x00007ff8b3337000 	C:\Windows\System32\combase.dll
0x00007ff8b3420000 - 0x00007ff8b353f000 	C:\Windows\System32\RPCRT4.dll
0x00007ff8b1b20000 - 0x00007ff8b1bbe000 	C:\Windows\System32\msvcp_win.dll
0x00007ff8b1260000 - 0x00007ff8b12e1000 	C:\Windows\System32\bcryptPrimitives.dll
0x00007ff8b2fc0000 - 0x00007ff8b2fee000 	C:\Windows\System32\IMM32.DLL
0x00007ff8a3850000 - 0x00007ff8a385c000 	C:\Users\ryano\.p2\pool\plugins\org.eclipse.justj.openjdk.hotspot.jre.full.win32.x86_64_15.0.1.v20201027-0507\jre\bin\vcruntime140_1.dll
0x00007ff845050000 - 0x00007ff8450e1000 	C:\Users\ryano\.p2\pool\plugins\org.eclipse.justj.openjdk.hotspot.jre.full.win32.x86_64_15.0.1.v20201027-0507\jre\bin\msvcp140.dll
0x00007ff815da0000 - 0x00007ff8168fe000 	C:\Users\ryano\.p2\pool\plugins\org.eclipse.justj.openjdk.hotspot.jre.full.win32.x86_64_15.0.1.v20201027-0507\jre\bin\server\jvm.dll
0x00007ff8b3540000 - 0x00007ff8b35e3000 	C:\Windows\System32\ADVAPI32.dll
0x00007ff8b2e30000 - 0x00007ff8b2ec7000 	C:\Windows\System32\sechost.dll
0x00007ff8b21f0000 - 0x00007ff8b21f8000 	C:\Windows\System32\PSAPI.DLL
0x00007ff8a89f0000 - 0x00007ff8a8a14000 	C:\Windows\SYSTEM32\WINMM.dll
0x00007ff8ae330000 - 0x00007ff8ae33a000 	C:\Windows\SYSTEM32\VERSION.dll
0x00007ff8a87f0000 - 0x00007ff8a881d000 	C:\Windows\SYSTEM32\winmmbase.dll
0x00007ff8b1ea0000 - 0x00007ff8b1eea000 	C:\Windows\System32\cfgmgr32.dll
0x00007ff8970c0000 - 0x00007ff8970c9000 	C:\Windows\SYSTEM32\WSOCK32.dll
0x00007ff8b3340000 - 0x00007ff8b33af000 	C:\Windows\System32\WS2_32.dll
0x00007ff8b1070000 - 0x00007ff8b1081000 	C:\Windows\System32\kernel.appcore.dll
0x00007ff8af220000 - 0x00007ff8af22a000 	C:\Users\ryano\.p2\pool\plugins\org.eclipse.justj.openjdk.hotspot.jre.full.win32.x86_64_15.0.1.v20201027-0507\jre\bin\jimage.dll
0x00007ff8b0ab0000 - 0x00007ff8b0ca4000 	C:\Windows\SYSTEM32\DBGHELP.DLL
0x00007ff8b0a00000 - 0x00007ff8b0a2a000 	C:\Windows\SYSTEM32\dbgcore.DLL
0x00007ff8a3940000 - 0x00007ff8a3965000 	C:\Users\ryano\.p2\pool\plugins\org.eclipse.justj.openjdk.hotspot.jre.full.win32.x86_64_15.0.1.v20201027-0507\jre\bin\java.dll

dbghelp: loaded successfully - version: 4.0.5 - missing functions: none
symbol engine: initialized successfully - sym options: 0x614 - pdb path: .;C:\Users\ryano\.p2\pool\plugins\org.eclipse.justj.openjdk.hotspot.jre.full.win32.x86_64_15.0.1.v20201027-0507\jre\bin;C:\Windows\SYSTEM32;C:\Windows\WinSxS\amd64_microsoft.windows.common-controls_6595b64144ccf1df_6.0.18362.1316_none_9e7a364fe461dbd7;C:\Users\ryano\.p2\pool\plugins\org.eclipse.justj.openjdk.hotspot.jre.full.win32.x86_64_15.0.1.v20201027-0507\jre\bin\server

VM Arguments:
jvm_args: -Dfile.encoding=Cp1252 -XX:+ShowCodeDetailsInExceptionMessages 
java_command: Frontend.WindowGenerator
java_class_path (initial): C:\Users\ryano\eclipse-workspace\RIPS\bin
Launcher Type: SUN_STANDARD

[Global flags]
     intx CICompilerCount                          = 4                                         {product} {ergonomic}
     uint ConcGCThreads                            = 2                                         {product} {ergonomic}
     uint G1ConcRefinementThreads                  = 8                                         {product} {ergonomic}
   size_t G1HeapRegionSize                         = 2097152                                   {product} {ergonomic}
    uintx GCDrainStackTargetSize                   = 64                                        {product} {ergonomic}
   size_t InitialHeapSize                          = 264241152                                 {product} {ergonomic}
   size_t MarkStackSize                            = 4194304                                   {product} {ergonomic}
   size_t MaxHeapSize                              = 4227858432                                {product} {ergonomic}
   size_t MinHeapDeltaBytes                        = 2097152                                   {product} {ergonomic}
   size_t MinHeapSize                              = 8388608                                   {product} {ergonomic}
    uintx NonNMethodCodeHeapSize                   = 5839372                                {pd product} {ergonomic}
    uintx NonProfiledCodeHeapSize                  = 122909434                              {pd product} {ergonomic}
    uintx ProfiledCodeHeapSize                     = 122909434                              {pd product} {ergonomic}
    uintx ReservedCodeCacheSize                    = 251658240                              {pd product} {ergonomic}
     bool SegmentedCodeCache                       = true                                      {product} {ergonomic}
     bool ShowCodeDetailsInExceptionMessages       = true                                   {manageable} {command line}
   size_t SoftMaxHeapSize                          = 4227858432                             {manageable} {ergonomic}
     bool UseCompressedClassPointers               = true                                 {lp64_product} {ergonomic}
     bool UseCompressedOops                        = true                                 {lp64_product} {ergonomic}
     bool UseG1GC                                  = true                                      {product} {ergonomic}
     bool UseLargePagesIndividualAllocation        = false                                  {pd product} {ergonomic}

Logging:
Log output configuration:
 #0: stdout all=warning uptime,level,tags
 #1: stderr all=off uptime,level,tags

Environment Variables:
PATH=C:/Users/ryano/.p2/pool/plugins/org.eclipse.justj.openjdk.hotspot.jre.full.win32.x86_64_15.0.1.v20201027-0507/jre/bin/server;C:/Users/ryano/.p2/pool/plugins/org.eclipse.justj.openjdk.hotspot.jre.full.win32.x86_64_15.0.1.v20201027-0507/jre/bin;C:\Windows\system32;C:\Windows;C:\Windows\System32\Wbem;C:\Windows\System32\WindowsPowerShell\v1.0\;C:\Windows\System32\OpenSSH\;C:\Program Files\Git\cmd;C:\Program Files\PuTTY\;C:\Users\ryano\AppData\Local\Microsoft\WindowsApps;C:\Users\ryano\AppData\Local\Programs\Microsoft VS Code\bin;C:\Users\ryano\AppData\Local\GitHubDesktop\bin;C:\Users\ryano\AppData\Local\particle\bin;C:\OpenSSL-Win32\bin;C:\Users\ryano\eclipse\java-2020-12\eclipse;
USERNAME=ryano
OS=Windows_NT
PROCESSOR_IDENTIFIER=Intel64 Family 6 Model 126 Stepping 5, GenuineIntel



---------------  S Y S T E M  ---------------

OS:
 Windows 10 , 64 bit Build 18362 (10.0.18362.1316)
OS uptime: 2 days 12:48 hours

CPU: total 8 (initial active 8) (4 cores per cpu, 2 threads per core) family 6 model 126 stepping 5 microcode 0x32, cmov, cx8, fxsr, mmx, sse, sse2, sse3, ssse3, sse4.1, sse4.2, popcnt, vzeroupper, avx, avx2, aes, clmul, erms, 3dnowpref, lzcnt, ht, tsc, tscinvbit, bmi1, bmi2, adx, avx512f, avx512dq, avx512cd, avx512bw, avx512vl, avx512_vpopcntdq, avx512_vpclmulqdq, avx512_vbmi, avx512_vbmi2, avx512_vaes, avx512_vnni, sha, fma, clflush, clflushopt

Memory: 4k page, system-wide physical 16127M (3454M free)
TotalPageFile size 65279M (AvailPageFile size 233M)
current process WorkingSet (physical memory assigned to process): 10M, peak: 10M
current process commit charge ("private bytes"): 60M, peak: 312M

vm_info: OpenJDK 64-Bit Server VM (15.0.1+9-18) for windows-amd64 JRE (15.0.1+9-18), built on Sep 15 2020 14:39:31 by "mach5one" with unknown MS VC++:1925

END.
